<?xml version="1.0" encoding="UTF-8"?>
<!-- Generated by org.testng.reporters.JUnitReportReporter -->
<testsuite hostname="manideep" failures="0" tests="1" name="com.example.demo.testStudent" time="0.019" errors="0" timestamp="2022-05-27T15:06:01 IST" skipped="0">
  <testcase classname="com.example.demo.testStudent" name="test01" time="0.019"/>
  <system-out/>
</testsuite> <!-- com.example.demo.testStudent -->
